<?xml version="1.0" encoding="UTF-8"?>
<!-- Generated by org.testng.reporters.JUnitReportReporter -->
<testsuite hostname="FAM006736" failures="0" tests="6" name="userRequestTest" time="8.662" errors="0" timestamp="23 Oct 2024 08:30:23 GMT" skipped="0">
  <testcase classname="userRequestTest" name="createUser" time="1.474"/>
  <testcase classname="userRequestTest" name="getUser" time="1.630"/>
  <testcase classname="userRequestTest" name="updateUser" time="1.320"/>
  <testcase classname="userRequestTest" name="loginUser" time="1.359"/>
  <testcase classname="userRequestTest" name="deleteUser" time="1.384"/>
  <testcase classname="userRequestTest" name="logoutUser" time="1.495"/>
</testsuite> <!-- userRequestTest -->
