<?xml version="1.0" encoding="UTF-8"?>
<!-- Generated by org.testng.reporters.JUnitReportReporter -->
<testsuite hostname="FAM006736" failures="0" tests="6" name="userRequestTest" time="7.785" errors="0" timestamp="16 Oct 2024 12:12:10 GMT" skipped="0">
  <testcase classname="userRequestTest" name="createUser" time="1.341"/>
  <testcase classname="userRequestTest" name="getUser" time="1.330"/>
  <testcase classname="userRequestTest" name="updateUser" time="1.230"/>
  <testcase classname="userRequestTest" name="loginUser" time="1.303"/>
  <testcase classname="userRequestTest" name="deleteUser" time="1.314"/>
  <testcase classname="userRequestTest" name="logoutUser" time="1.267"/>
</testsuite> <!-- userRequestTest -->
